<?xml version="1.0" encoding="UTF-8"?>
<robot generator="Robot 6.1.1 (Python 3.14.0 on win32)" generated="20251117 17:09:00.699" rpa="false" schemaversion="4">
<suite id="s1" name="Tests" source="C:\Users\TopiK\Desktop\Ohjelmistotuotanto\loput demot\ohjelmistotuotanto\osa3\hello-robot\src\tests">
<suite id="s1-s1" name="Increase Counter" source="C:\Users\TopiK\Desktop\Ohjelmistotuotanto\loput demot\ohjelmistotuotanto\osa3\hello-robot\src\tests\increase_counter.robot">
<test id="s1-s1-t1" name="Increase Counter Once" line="5">
<kw name="Counter Value Should Be" library="CounterLibrary">
<arg>0</arg>
<status status="PASS" starttime="20251117 17:09:00.754" endtime="20251117 17:09:00.755"/>
</kw>
<kw name="Increase Counter" library="CounterLibrary">
<status status="PASS" starttime="20251117 17:09:00.755" endtime="20251117 17:09:00.755"/>
</kw>
<kw name="Counter Value Should Be" library="CounterLibrary">
<arg>1</arg>
<status status="PASS" starttime="20251117 17:09:00.756" endtime="20251117 17:09:00.756"/>
</kw>
<status status="PASS" starttime="20251117 17:09:00.754" endtime="20251117 17:09:00.756"/>
</test>
<test id="s1-s1-t2" name="Increase Counter Many Times" line="10">
<kw name="Counter Value Should Be" library="CounterLibrary">
<arg>0</arg>
<status status="PASS" starttime="20251117 17:09:00.758" endtime="20251117 17:09:00.758"/>
</kw>
<kw name="Increase Counter" library="CounterLibrary">
<status status="PASS" starttime="20251117 17:09:00.758" endtime="20251117 17:09:00.758"/>
</kw>
<kw name="Increase Counter" library="CounterLibrary">
<status status="PASS" starttime="20251117 17:09:00.758" endtime="20251117 17:09:00.758"/>
</kw>
<kw name="Increase Counter" library="CounterLibrary">
<status status="PASS" starttime="20251117 17:09:00.759" endtime="20251117 17:09:00.759"/>
</kw>
<kw name="Counter Value Should Be" library="CounterLibrary">
<arg>3</arg>
<status status="PASS" starttime="20251117 17:09:00.759" endtime="20251117 17:09:00.759"/>
</kw>
<status status="PASS" starttime="20251117 17:09:00.757" endtime="20251117 17:09:00.759"/>
</test>
<test id="s1-s1-t3" name="Increment Counter By Amount" line="17">
<kw name="Counter Value Should Be" library="CounterLibrary">
<arg>0</arg>
<status status="PASS" starttime="20251117 17:09:00.761" endtime="20251117 17:09:00.761"/>
</kw>
<kw name="Increment Counter By" library="CounterLibrary">
<arg>5</arg>
<status status="PASS" starttime="20251117 17:09:00.761" endtime="20251117 17:09:00.761"/>
</kw>
<kw name="Counter Value Should Be" library="CounterLibrary">
<arg>5</arg>
<status status="PASS" starttime="20251117 17:09:00.761" endtime="20251117 17:09:00.761"/>
</kw>
<status status="PASS" starttime="20251117 17:09:00.760" endtime="20251117 17:09:00.761"/>
</test>
<status status="PASS" starttime="20251117 17:09:00.735" endtime="20251117 17:09:00.762"/>
</suite>
<suite id="s1-s2" name="Reset Counter" source="C:\Users\TopiK\Desktop\Ohjelmistotuotanto\loput demot\ohjelmistotuotanto\osa3\hello-robot\src\tests\reset_counter.robot">
<test id="s1-s2-t1" name="Reset Counter After One Increment" line="5">
<kw name="Counter Value Should Be" library="CounterLibrary">
<arg>0</arg>
<status status="PASS" starttime="20251117 17:09:00.766" endtime="20251117 17:09:00.766"/>
</kw>
<kw name="Increase Counter" library="CounterLibrary">
<status status="PASS" starttime="20251117 17:09:00.766" endtime="20251117 17:09:00.766"/>
</kw>
<kw name="Counter Value Should Be" library="CounterLibrary">
<arg>1</arg>
<status status="PASS" starttime="20251117 17:09:00.767" endtime="20251117 17:09:00.767"/>
</kw>
<kw name="Reset Counter" library="CounterLibrary">
<status status="PASS" starttime="20251117 17:09:00.767" endtime="20251117 17:09:00.767"/>
</kw>
<kw name="Counter Value Should Be" library="CounterLibrary">
<arg>0</arg>
<status status="PASS" starttime="20251117 17:09:00.768" endtime="20251117 17:09:00.768"/>
</kw>
<status status="PASS" starttime="20251117 17:09:00.765" endtime="20251117 17:09:00.768"/>
</test>
<test id="s1-s2-t2" name="Reset Counter After Several Increments" line="12">
<kw name="Counter Value Should Be" library="CounterLibrary">
<arg>0</arg>
<status status="PASS" starttime="20251117 17:09:00.770" endtime="20251117 17:09:00.770"/>
</kw>
<kw name="Increment Counter By" library="CounterLibrary">
<arg>5</arg>
<status status="PASS" starttime="20251117 17:09:00.770" endtime="20251117 17:09:00.770"/>
</kw>
<kw name="Counter Value Should Be" library="CounterLibrary">
<arg>5</arg>
<status status="PASS" starttime="20251117 17:09:00.770" endtime="20251117 17:09:00.770"/>
</kw>
<kw name="Reset Counter" library="CounterLibrary">
<status status="PASS" starttime="20251117 17:09:00.770" endtime="20251117 17:09:00.771"/>
</kw>
<kw name="Counter Value Should Be" library="CounterLibrary">
<arg>0</arg>
<status status="PASS" starttime="20251117 17:09:00.771" endtime="20251117 17:09:00.771"/>
</kw>
<status status="PASS" starttime="20251117 17:09:00.769" endtime="20251117 17:09:00.771"/>
</test>
<status status="PASS" starttime="20251117 17:09:00.763" endtime="20251117 17:09:00.772"/>
</suite>
<status status="PASS" starttime="20251117 17:09:00.701" endtime="20251117 17:09:00.772"/>
</suite>
<statistics>
<total>
<stat pass="5" fail="0" skip="0">All Tests</stat>
</total>
<tag>
</tag>
<suite>
<stat pass="5" fail="0" skip="0" id="s1" name="Tests">Tests</stat>
<stat pass="3" fail="0" skip="0" id="s1-s1" name="Increase Counter">Tests.Increase Counter</stat>
<stat pass="2" fail="0" skip="0" id="s1-s2" name="Reset Counter">Tests.Reset Counter</stat>
</suite>
</statistics>
<errors>
</errors>
</robot>
