<?xml version="1.0" encoding="UTF-8"?>
<robot generator="Robot 6.1.1 (Python 3.14.0 on win32)" generated="20251117 18:08:45.631" rpa="false" schemaversion="4">
<suite id="s1" name="Tests" source="C:\Users\TopiK\Desktop\Ohjelmistotuotanto\loput demot\ohjelmistotuotanto\osa3\login-robot\src\tests">
<suite id="s1-s1" name="Login" source="C:\Users\TopiK\Desktop\Ohjelmistotuotanto\loput demot\ohjelmistotuotanto\osa3\login-robot\src\tests\login.robot">
<test id="s1-s1-t1" name="Login With Correct Credentials" line="6">
<kw name="Create User And Input Login Command" type="SETUP">
<kw name="Create User" library="AppLibrary">
<arg>kalle</arg>
<arg>kalle123</arg>
<status status="PASS" starttime="20251117 18:08:45.677" endtime="20251117 18:08:45.677"/>
</kw>
<kw name="Input Login Command" library="resource">
<kw name="Input" library="AppLibrary">
<arg>login</arg>
<status status="PASS" starttime="20251117 18:08:45.677" endtime="20251117 18:08:45.677"/>
</kw>
<status status="PASS" starttime="20251117 18:08:45.677" endtime="20251117 18:08:45.677"/>
</kw>
<status status="PASS" starttime="20251117 18:08:45.677" endtime="20251117 18:08:45.677"/>
</kw>
<kw name="Input Credentials" library="resource">
<arg>kalle</arg>
<arg>kalle123</arg>
<kw name="Input" library="AppLibrary">
<arg>${username}</arg>
<status status="PASS" starttime="20251117 18:08:45.678" endtime="20251117 18:08:45.678"/>
</kw>
<kw name="Input" library="AppLibrary">
<arg>${password}</arg>
<status status="PASS" starttime="20251117 18:08:45.678" endtime="20251117 18:08:45.678"/>
</kw>
<kw name="Run Application" library="AppLibrary">
<status status="PASS" starttime="20251117 18:08:45.678" endtime="20251117 18:08:45.678"/>
</kw>
<status status="PASS" starttime="20251117 18:08:45.678" endtime="20251117 18:08:45.678"/>
</kw>
<kw name="Output Should Contain" library="AppLibrary">
<arg>Logged in</arg>
<status status="PASS" starttime="20251117 18:08:45.679" endtime="20251117 18:08:45.679"/>
</kw>
<status status="PASS" starttime="20251117 18:08:45.676" endtime="20251117 18:08:45.679"/>
</test>
<test id="s1-s1-t2" name="Login With Incorrect Password" line="10">
<kw name="Create User And Input Login Command" type="SETUP">
<kw name="Create User" library="AppLibrary">
<arg>kalle</arg>
<arg>kalle123</arg>
<status status="PASS" starttime="20251117 18:08:45.681" endtime="20251117 18:08:45.681"/>
</kw>
<kw name="Input Login Command" library="resource">
<kw name="Input" library="AppLibrary">
<arg>login</arg>
<status status="PASS" starttime="20251117 18:08:45.681" endtime="20251117 18:08:45.681"/>
</kw>
<status status="PASS" starttime="20251117 18:08:45.681" endtime="20251117 18:08:45.681"/>
</kw>
<status status="PASS" starttime="20251117 18:08:45.681" endtime="20251117 18:08:45.681"/>
</kw>
<kw name="Input Credentials" library="resource">
<arg>kalle</arg>
<arg>vaara</arg>
<kw name="Input" library="AppLibrary">
<arg>${username}</arg>
<status status="PASS" starttime="20251117 18:08:45.682" endtime="20251117 18:08:45.682"/>
</kw>
<kw name="Input" library="AppLibrary">
<arg>${password}</arg>
<status status="PASS" starttime="20251117 18:08:45.682" endtime="20251117 18:08:45.682"/>
</kw>
<kw name="Run Application" library="AppLibrary">
<status status="PASS" starttime="20251117 18:08:45.682" endtime="20251117 18:08:45.682"/>
</kw>
<status status="PASS" starttime="20251117 18:08:45.682" endtime="20251117 18:08:45.682"/>
</kw>
<kw name="Output Should Contain" library="AppLibrary">
<arg>Invalid username or password</arg>
<status status="PASS" starttime="20251117 18:08:45.683" endtime="20251117 18:08:45.683"/>
</kw>
<status status="PASS" starttime="20251117 18:08:45.680" endtime="20251117 18:08:45.683"/>
</test>
<test id="s1-s1-t3" name="Login With Nonexistant Username" line="14">
<kw name="Create User And Input Login Command" type="SETUP">
<kw name="Create User" library="AppLibrary">
<arg>kalle</arg>
<arg>kalle123</arg>
<status status="PASS" starttime="20251117 18:08:45.684" endtime="20251117 18:08:45.684"/>
</kw>
<kw name="Input Login Command" library="resource">
<kw name="Input" library="AppLibrary">
<arg>login</arg>
<status status="PASS" starttime="20251117 18:08:45.684" endtime="20251117 18:08:45.684"/>
</kw>
<status status="PASS" starttime="20251117 18:08:45.684" endtime="20251117 18:08:45.684"/>
</kw>
<status status="PASS" starttime="20251117 18:08:45.684" endtime="20251117 18:08:45.684"/>
</kw>
<kw name="Input Credentials" library="resource">
<arg>kale</arg>
<arg>kalle123</arg>
<kw name="Input" library="AppLibrary">
<arg>${username}</arg>
<status status="PASS" starttime="20251117 18:08:45.685" endtime="20251117 18:08:45.685"/>
</kw>
<kw name="Input" library="AppLibrary">
<arg>${password}</arg>
<status status="PASS" starttime="20251117 18:08:45.685" endtime="20251117 18:08:45.685"/>
</kw>
<kw name="Run Application" library="AppLibrary">
<status status="PASS" starttime="20251117 18:08:45.685" endtime="20251117 18:08:45.685"/>
</kw>
<status status="PASS" starttime="20251117 18:08:45.685" endtime="20251117 18:08:45.685"/>
</kw>
<kw name="Output Should Contain" library="AppLibrary">
<arg>Invalid username or password</arg>
<status status="PASS" starttime="20251117 18:08:45.685" endtime="20251117 18:08:45.685"/>
</kw>
<status status="PASS" starttime="20251117 18:08:45.684" endtime="20251117 18:08:45.686"/>
</test>
<status status="PASS" starttime="20251117 18:08:45.663" endtime="20251117 18:08:45.686"/>
</suite>
<status status="PASS" starttime="20251117 18:08:45.632" endtime="20251117 18:08:45.687"/>
</suite>
<statistics>
<total>
<stat pass="3" fail="0" skip="0">All Tests</stat>
</total>
<tag>
</tag>
<suite>
<stat pass="3" fail="0" skip="0" id="s1" name="Tests">Tests</stat>
<stat pass="3" fail="0" skip="0" id="s1-s1" name="Login">Tests.Login</stat>
</suite>
</statistics>
<errors>
</errors>
</robot>
